#
# A fatal error has been detected by the Java Runtime Environment:
#
#  EXCEPTION_ACCESS_VIOLATION (0xc0000005) at pc=0x00007fff6d83b386, pid=2220, tid=12552
#
# JRE version: OpenJDK Runtime Environment Corretto-17.0.4.9.1 (17.0.4.1+9) (build 17.0.4.1+9-LTS)
# Java VM: OpenJDK 64-Bit Server VM Corretto-17.0.4.9.1 (17.0.4.1+9-LTS, mixed mode, sharing, tiered, compressed oops, compressed class ptrs, g1 gc, windows-amd64)
# Problematic frame:
# C  [igxelpicd64.dll+0x23b386]
#
# No core dump will be written. Minidumps are not enabled by default on client versions of Windows
#
# If you would like to submit a bug report, please visit:
#   https://github.com/corretto/corretto-17/issues/
# The crash happened outside the Java Virtual Machine in native code.
# See problematic frame for where to report the bug.
#

---------------  S U M M A R Y ------------

Command Line: -agentlib:jdwp=transport=dt_socket,server=n,suspend=y,address=127.0.0.1:57633 -Dfile.encoding=windows-1252 -Duser.country=US -Duser.language=en -Duser.variant org.bitbuckets.puzzle.DesktopLauncher

Host: 11th Gen Intel(R) Core(TM) i5-1155G7 @ 2.50GHz, 8 cores, 23G,  Windows 11 , 64 bit Build 22000 (10.0.22000.708)
Time: Wed Sep  7 19:48:46 2022 US Mountain Standard Time elapsed time: 246.870951 seconds (0d 0h 4m 6s)

---------------  T H R E A D  ---------------

Current thread (0x000001e3ab17e320):  JavaThread "JDWP Transport Listener: dt_socket" daemon [_thread_in_native, id=12552, stack(0x0000001e4b300000,0x0000001e4b400000)]

Stack: [0x0000001e4b300000,0x0000001e4b400000],  sp=0x0000001e4b3fe9f0,  free space=1018k
Native frames: (J=compiled Java code, j=interpreted, Vv=VM code, C=native code)
C